g:\fall2022\componentframework22.2.1 vulkan\componentframework\debug\vc142.pdb
g:\fall2022\componentframework22.2.1 vulkan\componentframework\debug\vc142.idb
g:\fall2022\componentframework22.2.1 vulkan\componentframework\debug\vulkanrenderer.obj
g:\fall2022\componentframework22.2.1 vulkan\componentframework\debug\vmath.obj
g:\fall2022\componentframework22.2.1 vulkan\componentframework\debug\timer.obj
g:\fall2022\componentframework22.2.1 vulkan\componentframework\debug\scene0.obj
g:\fall2022\componentframework22.2.1 vulkan\componentframework\debug\mmath.obj
g:\fall2022\componentframework22.2.1 vulkan\componentframework\debug\main.obj
g:\fall2022\componentframework22.2.1 vulkan\componentframework\debug\scenemanager.obj
g:\fall2022\componentframework22.2.1 vulkan\componentframework\debug\openglrenderer.obj
g:\fall2022\componentframework22.2.1 vulkan\componentframework\debug\hash.obj
g:\fall2022\componentframework22.2.1 vulkan\componentframework\debug\debug.obj
g:\fall2022\componentframework22.2.1 vulkan\componentframework\debug\camera.obj
g:\winter2023\vulkan\componentframework23.0.0 vulkan\componentframework\debug\vc143.pdb
g:\winter2023\vulkan\componentframework23.0.0 vulkan\componentframework\debug\vc143.idb
g:\winter2023\vulkan\componentframework23.0.0 vulkan\componentframework\debug\vulkanrenderer.obj
g:\winter2023\vulkan\componentframework23.0.0 vulkan\componentframework\debug\vmath.obj
g:\winter2023\vulkan\componentframework23.0.0 vulkan\componentframework\debug\timer.obj
g:\winter2023\vulkan\componentframework23.0.0 vulkan\componentframework\debug\scene0.obj
g:\winter2023\vulkan\componentframework23.0.0 vulkan\componentframework\debug\mmath.obj
g:\winter2023\vulkan\componentframework23.0.0 vulkan\componentframework\debug\main.obj
g:\winter2023\vulkan\componentframework23.0.0 vulkan\componentframework\debug\scenemanager.obj
g:\winter2023\vulkan\componentframework23.0.0 vulkan\componentframework\debug\openglrenderer.obj
g:\winter2023\vulkan\componentframework23.0.0 vulkan\componentframework\debug\hash.obj
g:\winter2023\vulkan\componentframework23.0.0 vulkan\componentframework\debug\debug.obj
g:\winter2023\vulkan\componentframework23.0.0 vulkan\componentframework\debug\camera.obj
g:\fall2022\componentframework22.2.1 vulkan\debug\componentframework.exe
g:\fall2022\componentframework22.2.1 vulkan\componentframework\debug\componentframework.ilk
g:\fall2022\componentframework22.2.1 vulkan\debug\componentframework.pdb
g:\winter2023\vulkan\componentframework23.0.0 vulkan\debug\componentframework.exe
g:\winter2023\vulkan\componentframework23.0.0 vulkan\componentframework\debug\componentframework.ilk
g:\winter2023\vulkan\componentframework23.0.0 vulkan\debug\componentframework.pdb
g:\winter2023\vulkan\componentframework23.0.0 vulkan\componentframework\debug\vulkanrenderer.new.obj.enc
g:\winter2023\vulkan\componentframework23.0.0 vulkan\componentframework\debug\vc142.idb
g:\winter2023\vulkan\componentframework23.0.0 vulkan\componentframework\debug\vc142.pdb
g:\winter2023\vulkan\componentframework23.0.0 vulkan\componentframework\debug\componen.614c2865.tlog\cl.command.1.tlog
g:\winter2023\vulkan\componentframework23.0.0 vulkan\componentframework\debug\componen.614c2865.tlog\cl.read.1.tlog
g:\winter2023\vulkan\componentframework23.0.0 vulkan\componentframework\debug\componen.614c2865.tlog\cl.write.1.tlog
g:\winter2023\vulkan\componentframework23.0.0 vulkan\componentframework\debug\componen.614c2865.tlog\link.command.1.tlog
g:\winter2023\vulkan\componentframework23.0.0 vulkan\componentframework\debug\componen.614c2865.tlog\link.read.1.tlog
g:\winter2023\vulkan\componentframework23.0.0 vulkan\componentframework\debug\componen.614c2865.tlog\link.write.1.tlog
